

Started GET "/" for 127.0.0.1 at 2013-11-10 21:20:27 -0500
Processing by Rails::WelcomeController#index as HTML
  Rendered /home/ebenezer/.rvm/gems/ruby-2.0.0-p247/gems/railties-4.0.0/lib/rails/templates/rails/welcome/index.html.erb (4.4ms)
Completed 200 OK in 98ms (Views: 56.8ms | ActiveRecord: 0.0ms)
  [1m[36m (2.6ms)[0m  [1mCREATE TABLE "schema_migrations" ("version" varchar(255) NOT NULL) [0m
  [1m[35m (2.2ms)[0m  CREATE UNIQUE INDEX "unique_schema_migrations" ON "schema_migrations" ("version")
  [1m[36mActiveRecord::SchemaMigration Load (0.2ms)[0m  [1mSELECT "schema_migrations".* FROM "schema_migrations"[0m
Migrating to Donation (20131114002636)
  [1m[35m (0.1ms)[0m  begin transaction
  [1m[36mSQL (11.9ms)[0m  [1mINSERT INTO "schema_migrations" ("version") VALUES (?)[0m  [["version", "20131114002636"]]
  [1m[35m (1.1ms)[0m  commit transaction
  [1m[36mActiveRecord::SchemaMigration Load (0.2ms)[0m  [1mSELECT "schema_migrations".* FROM "schema_migrations"[0m
  [1m[36mActiveRecord::SchemaMigration Load (0.2ms)[0m  [1mSELECT "schema_migrations".* FROM "schema_migrations"[0m
Migrating to CreateDonations (20131114002929)
  [1m[35m (0.1ms)[0m  begin transaction
  [1m[36m (1.0ms)[0m  [1mCREATE TABLE "donations" ("id" INTEGER PRIMARY KEY AUTOINCREMENT NOT NULL, "project_id" integer, "alum_id" integer, "created_at" datetime, "updated_at" datetime) [0m
  [1m[35mSQL (0.3ms)[0m  INSERT INTO "schema_migrations" ("version") VALUES (?)  [["version", "20131114002929"]]
  [1m[36m (8.3ms)[0m  [1mcommit transaction[0m
  [1m[35mActiveRecord::SchemaMigration Load (0.1ms)[0m  SELECT "schema_migrations".* FROM "schema_migrations"

  [1m[36mActiveRecord::SchemaMigration Load (0.5ms)[0m  [1mSELECT "schema_migrations".* FROM "schema_migrations"[0m
Migrating to CreateProjects (20131112074322)
  [1m[35m (0.1ms)[0m  begin transaction
  [1m[36m (1.6ms)[0m  [1mCREATE TABLE "projects" ("id" INTEGER PRIMARY KEY AUTOINCREMENT NOT NULL, "title" varchar(255), "image_file_name" varchar(255), "image_content_type" varchar(255), "image_file_size" integer, "image_updated_at" datetime, "video" varchar(255), "description" text, "goal" float, "created_at" datetime, "updated_at" datetime) [0m
  [1m[35mSQL (1.0ms)[0m  INSERT INTO "schema_migrations" ("version") VALUES (?)  [["version", "20131112074322"]]
  [1m[36m (168.0ms)[0m  [1mcommit transaction[0m
Migrating to CreateCollaborations (20131113071551)
  [1m[35m (0.2ms)[0m  begin transaction
  [1m[36m (1.4ms)[0m  [1mCREATE TABLE "collaborations" ("id" INTEGER PRIMARY KEY AUTOINCREMENT NOT NULL, "project_id" integer, "name" varchar(255), "email" varchar(255), "user_id" integer, "created_at" datetime, "updated_at" datetime) [0m
  [1m[35mSQL (1.3ms)[0m  INSERT INTO "schema_migrations" ("version") VALUES (?)  [["version", "20131113071551"]]
  [1m[36m (152.5ms)[0m  [1mcommit transaction[0m
Migrating to CreateAdvisors (20131113071646)
  [1m[35m (0.2ms)[0m  begin transaction
  [1m[36m (1.3ms)[0m  [1mCREATE TABLE "advisors" ("id" INTEGER PRIMARY KEY AUTOINCREMENT NOT NULL, "project_id" integer, "name" varchar(255), "email" varchar(255), "created_at" datetime, "updated_at" datetime) [0m
  [1m[35mSQL (1.3ms)[0m  INSERT INTO "schema_migrations" ("version") VALUES (?)  [["version", "20131113071646"]]
  [1m[36m (171.0ms)[0m  [1mcommit transaction[0m
Migrating to CreateTags (20131113071657)
  [1m[35m (0.2ms)[0m  begin transaction
  [1m[36m (1.3ms)[0m  [1mCREATE TABLE "tags" ("id" INTEGER PRIMARY KEY AUTOINCREMENT NOT NULL, "title" varchar(255), "description" text, "created_at" datetime, "updated_at" datetime) [0m
  [1m[35mSQL (1.3ms)[0m  INSERT INTO "schema_migrations" ("version") VALUES (?)  [["version", "20131113071657"]]
  [1m[36m (202.5ms)[0m  [1mcommit transaction[0m
Migrating to CreateTaggables (20131113071727)
  [1m[35m (0.2ms)[0m  begin transaction
  [1m[36m (1.3ms)[0m  [1mCREATE TABLE "taggables" ("id" INTEGER PRIMARY KEY AUTOINCREMENT NOT NULL, "project_id" integer, "tag_id" integer, "created_at" datetime, "updated_at" datetime) [0m
  [1m[35mSQL (1.1ms)[0m  INSERT INTO "schema_migrations" ("version") VALUES (?)  [["version", "20131113071727"]]
  [1m[36m (279.0ms)[0m  [1mcommit transaction[0m
Migrating to DeviseCreateUsers (20131114215736)
  [1m[35m (0.2ms)[0m  begin transaction
  [1m[36m (1.6ms)[0m  [1mCREATE TABLE "users" ("id" INTEGER PRIMARY KEY AUTOINCREMENT NOT NULL, "email" varchar(255) DEFAULT '' NOT NULL, "encrypted_password" varchar(255) DEFAULT '' NOT NULL, "reset_password_token" varchar(255), "reset_password_sent_at" datetime, "remember_created_at" datetime, "sign_in_count" integer DEFAULT 0 NOT NULL, "current_sign_in_at" datetime, "last_sign_in_at" datetime, "current_sign_in_ip" varchar(255), "last_sign_in_ip" varchar(255), "created_at" datetime, "updated_at" datetime) [0m
  [1m[35m (0.4ms)[0m  CREATE UNIQUE INDEX "index_users_on_email" ON "users" ("email")
  [1m[36m (0.3ms)[0m  [1mCREATE UNIQUE INDEX "index_users_on_reset_password_token" ON "users" ("reset_password_token")[0m
  [1m[35mSQL (1.4ms)[0m  INSERT INTO "schema_migrations" ("version") VALUES (?)  [["version", "20131114215736"]]
  [1m[36m (179.2ms)[0m  [1mcommit transaction[0m
Migrating to AddTypeToUser (20131114225953)
  [1m[35m (0.3ms)[0m  begin transaction
  [1m[36m (2.1ms)[0m  [1mALTER TABLE "users" ADD "type" varchar(255)[0m
  [1m[35mSQL (1.9ms)[0m  INSERT INTO "schema_migrations" ("version") VALUES (?)  [["version", "20131114225953"]]
  [1m[36m (155.3ms)[0m  [1mcommit transaction[0m
  [1m[35mActiveRecord::SchemaMigration Load (0.2ms)[0m  SELECT "schema_migrations".* FROM "schema_migrations"
  [1m[36mActiveRecord::SchemaMigration Load (0.3ms)[0m  [1mSELECT "schema_migrations".* FROM "schema_migrations"[0m
  [1m[35mActiveRecord::SchemaMigration Load (0.1ms)[0m  SELECT "schema_migrations".* FROM "schema_migrations"


Started GET "/donations/new" for 127.0.0.1 at 2013-11-16 12:19:56 -0500
  [1m[36mActiveRecord::SchemaMigration Load (1.3ms)[0m  [1mSELECT "schema_migrations".* FROM "schema_migrations"[0m

ActionController::RoutingError (No route matches [GET] "/donations/new"):
  actionpack (4.0.0) lib/action_dispatch/middleware/debug_exceptions.rb:21:in `call'
  actionpack (4.0.0) lib/action_dispatch/middleware/show_exceptions.rb:30:in `call'
  railties (4.0.0) lib/rails/rack/logger.rb:38:in `call_app'
  railties (4.0.0) lib/rails/rack/logger.rb:21:in `block in call'
  activesupport (4.0.0) lib/active_support/tagged_logging.rb:67:in `block in tagged'
  activesupport (4.0.0) lib/active_support/tagged_logging.rb:25:in `tagged'
  activesupport (4.0.0) lib/active_support/tagged_logging.rb:67:in `tagged'
  railties (4.0.0) lib/rails/rack/logger.rb:21:in `call'
  actionpack (4.0.0) lib/action_dispatch/middleware/request_id.rb:21:in `call'
  rack (1.5.2) lib/rack/methodoverride.rb:21:in `call'
  rack (1.5.2) lib/rack/runtime.rb:17:in `call'
  activesupport (4.0.0) lib/active_support/cache/strategy/local_cache.rb:83:in `call'
  rack (1.5.2) lib/rack/lock.rb:17:in `call'
  actionpack (4.0.0) lib/action_dispatch/middleware/static.rb:64:in `call'
  railties (4.0.0) lib/rails/engine.rb:511:in `call'
  railties (4.0.0) lib/rails/application.rb:97:in `call'
  rack (1.5.2) lib/rack/lock.rb:17:in `call'
  rack (1.5.2) lib/rack/content_length.rb:14:in `call'
  rack (1.5.2) lib/rack/handler/webrick.rb:60:in `service'
  /Users/phs1919/.rvm/rubies/ruby-2.0.0-p247/lib/ruby/2.0.0/webrick/httpserver.rb:138:in `service'
  /Users/phs1919/.rvm/rubies/ruby-2.0.0-p247/lib/ruby/2.0.0/webrick/httpserver.rb:94:in `run'
  /Users/phs1919/.rvm/rubies/ruby-2.0.0-p247/lib/ruby/2.0.0/webrick/server.rb:295:in `block in start_thread'


  Rendered /Users/phs1919/.rvm/gems/ruby-2.0.0-p247@example-gemset/gems/actionpack-4.0.0/lib/action_dispatch/middleware/templates/rescues/_trace.erb (1.5ms)
  Rendered /Users/phs1919/.rvm/gems/ruby-2.0.0-p247@example-gemset/gems/actionpack-4.0.0/lib/action_dispatch/middleware/templates/routes/_route.html.erb (4.0ms)
  Rendered /Users/phs1919/.rvm/gems/ruby-2.0.0-p247@example-gemset/gems/actionpack-4.0.0/lib/action_dispatch/middleware/templates/routes/_table.html.erb (86.0ms)
  Rendered /Users/phs1919/.rvm/gems/ruby-2.0.0-p247@example-gemset/gems/actionpack-4.0.0/lib/action_dispatch/middleware/templates/rescues/routing_error.erb within rescues/layout (145.7ms)


Started GET "/donations/new" for 127.0.0.1 at 2013-11-16 12:20:54 -0500
  [1m[36mActiveRecord::SchemaMigration Load (0.2ms)[0m  [1mSELECT "schema_migrations".* FROM "schema_migrations"[0m
Processing by DonationsController#new as HTML
  Rendered donations/new.html.erb within layouts/application (3.3ms)
Completed 200 OK in 1639ms (Views: 1600.4ms | ActiveRecord: 0.0ms)


Started GET "/donations/new" for 127.0.0.1 at 2013-11-16 12:20:56 -0500
Processing by DonationsController#new as HTML
  Rendered donations/new.html.erb within layouts/application (1.0ms)
Completed 200 OK in 10ms (Views: 9.4ms | ActiveRecord: 0.0ms)


Started GET "/assets/donations.css?body=1" for 127.0.0.1 at 2013-11-16 12:20:56 -0500


Started GET "/assets/projects.css?body=1" for 127.0.0.1 at 2013-11-16 12:20:56 -0500


Started GET "/assets/application.css?body=1" for 127.0.0.1 at 2013-11-16 12:20:56 -0500


Started GET "/assets/jquery.js?body=1" for 127.0.0.1 at 2013-11-16 12:20:56 -0500


Started GET "/assets/scaffolds.css?body=1" for 127.0.0.1 at 2013-11-16 12:20:56 -0500


Started GET "/assets/jquery_ujs.js?body=1" for 127.0.0.1 at 2013-11-16 12:20:56 -0500


Started GET "/assets/application.js?body=1" for 127.0.0.1 at 2013-11-16 12:20:56 -0500


Started GET "/assets/donations.js?body=1" for 127.0.0.1 at 2013-11-16 12:20:56 -0500


Started GET "/assets/turbolinks.js?body=1" for 127.0.0.1 at 2013-11-16 12:20:56 -0500


Started GET "/assets/projects.js?body=1" for 127.0.0.1 at 2013-11-16 12:20:56 -0500
